<?xml version="1.0" encoding="UTF-8"?>
<testng-results ignored="0" total="2" passed="2" failed="0" skipped="0">
  <reporter-output>
  </reporter-output>
  <suite started-at="2025-09-07T18:57:38 IST" name="Suite" finished-at="2025-09-07T18:57:44 IST" duration-ms="6291">
    <groups>
      <group name="regression">
        <method signature="TC_002.flipkartTest()[pri:0, instance:testCases.TC_002@313ac989]" name="flipkartTest" class="testCases.TC_002"/>
      </group> <!-- regression -->
      <group name="sanity">
        <method signature="TC_001.loginTest()[pri:0, instance:testCases.TC_001@4f18837a]" name="loginTest" class="testCases.TC_001"/>
      </group> <!-- sanity -->
    </groups>
    <test started-at="2025-09-07T18:57:38 IST" name="flipkartTest" finished-at="2025-09-07T18:57:42 IST" duration-ms="4227">
      <class name="testCases.TC_002">
        <test-method signature="flipkartTest()[pri:0, instance:testCases.TC_002@313ac989]" started-at="2025-09-07T18:57:38 IST" name="flipkartTest" finished-at="2025-09-07T18:57:42 IST" duration-ms="4193" status="PASS">
          <reporter-output>
          </reporter-output>
        </test-method> <!-- flipkartTest -->
      </class> <!-- testCases.TC_002 -->
    </test> <!-- flipkartTest -->
    <test started-at="2025-09-07T18:57:38 IST" name="Test" finished-at="2025-09-07T18:57:44 IST" duration-ms="6291">
      <class name="testCases.TC_001">
        <test-method signature="loginTest()[pri:0, instance:testCases.TC_001@4f18837a]" started-at="2025-09-07T18:57:38 IST" name="loginTest" finished-at="2025-09-07T18:57:44 IST" duration-ms="6262" status="PASS">
          <reporter-output>
          </reporter-output>
        </test-method> <!-- loginTest -->
      </class> <!-- testCases.TC_001 -->
    </test> <!-- Test -->
  </suite> <!-- Suite -->
</testng-results>
