<?xml version="1.0" encoding="UTF-8"?>
<testng-results ignored="0" total="2" passed="2" failed="0" skipped="0">
  <reporter-output>
  </reporter-output>
  <suite started-at="2025-09-07T18:53:54 IST" name="Suite" finished-at="2025-09-07T18:54:00 IST" duration-ms="6192">
    <groups>
      <group name="regression">
        <method signature="TC_002.flipkartTest()[pri:0, instance:testCases.TC_002@7530ad9c]" name="flipkartTest" class="testCases.TC_002"/>
      </group> <!-- regression -->
      <group name="sanity">
        <method signature="TC_001.loginTest()[pri:0, instance:testCases.TC_001@385c9627]" name="loginTest" class="testCases.TC_001"/>
      </group> <!-- sanity -->
    </groups>
    <test started-at="2025-09-07T18:53:54 IST" name="flipkartTest" finished-at="2025-09-07T18:53:59 IST" duration-ms="4437">
      <class name="testCases.TC_002">
        <test-method signature="flipkartTest()[pri:0, instance:testCases.TC_002@7530ad9c]" started-at="2025-09-07T18:53:54 IST" name="flipkartTest" finished-at="2025-09-07T18:53:59 IST" duration-ms="4382" status="PASS">
          <reporter-output>
          </reporter-output>
        </test-method> <!-- flipkartTest -->
      </class> <!-- testCases.TC_002 -->
    </test> <!-- flipkartTest -->
    <test started-at="2025-09-07T18:53:54 IST" name="Test" finished-at="2025-09-07T18:54:00 IST" duration-ms="6192">
      <class name="testCases.TC_001">
        <test-method signature="loginTest()[pri:0, instance:testCases.TC_001@385c9627]" started-at="2025-09-07T18:53:54 IST" name="loginTest" finished-at="2025-09-07T18:54:00 IST" duration-ms="6142" status="PASS">
          <reporter-output>
          </reporter-output>
        </test-method> <!-- loginTest -->
      </class> <!-- testCases.TC_001 -->
    </test> <!-- Test -->
  </suite> <!-- Suite -->
</testng-results>
